[Mon, 17 Dec 2012 12:30:07 GMT] INFO Server starting with config: {
  "environment": "development",
  "workers": 1,
  "port": 4000,
  "spdy": null,
  "ssl": null,
  "debug": true,
  "rotateWorkers": false,
  "rotationWindow": 7200000,
  "rotationTimeout": 300000,
  "logDir": "/home/calvitium/sites/FourInANode/FourInANode/log",
  "gracefulShutdownTimeout": 30000,
  "heartbeatInterval": 5000,
  "heartbeatWindow": 20000,
  "staticFilePath": "/home/calvitium/sites/FourInANode/FourInANode/public",
  "sessions": {
    "store": "memory",
    "key": "sid",
    "expiry": 1209600
  },
  "cookieSessionKey": "sdata",
  "metrics": null,
  "i18n": {
    "defaultLocale": "en-us",
    "loadPaths": [
      "/home/calvitium/sites/FourInANode/FourInANode/config/locales"
    ]
  },
  "hostname": "localhost",
  "fullHostname": "http://localhost:4000",
  "connectCompatibility": false,
  "detailedErrors": true,
  "model": {
    "defaultAdapter": "memory"
  }
}
[Mon, 17 Dec 2012 12:30:07 GMT] INFO Creating 1 worker process.
[Mon, 17 Dec 2012 12:30:07 GMT] INFO Server worker running in development on port 4000 with a PID of: 6003
[Mon, 17 Dec 2012 12:30:07 GMT] DEBUG LOGGING STARTED ============================================
[Mon, 17 Dec 2012 12:30:07 GMT] DEBUG ============================================================
